{"t":{"$date":"2020-10-15T14:31:14.010-05:00"},"s":"I",  "c":"CONTROL",  "id":23285,   "ctx":"main","msg":"Automatically disabling TLS 1.0, to force-enable TLS 1.0 specify --sslDisabledProtocols 'none'"}
{"t":{"$date":"2020-10-15T14:31:14.295-05:00"},"s":"W",  "c":"ASIO",     "id":22601,   "ctx":"main","msg":"No TransportLayer configured during NetworkInterface startup"}
{"t":{"$date":"2020-10-15T14:31:14.295-05:00"},"s":"I",  "c":"NETWORK",  "id":4648602, "ctx":"main","msg":"Implicit TCP FastOpen in use."}
{"t":{"$date":"2020-10-15T14:31:14.296-05:00"},"s":"I",  "c":"STORAGE",  "id":4615611, "ctx":"initandlisten","msg":"MongoDB starting","attr":{"pid":2188,"port":27017,"dbPath":"C:/Users/Taylor/Desktop/ActiveWindowListener/mongo/db","architecture":"64-bit","host":"DESKTOP-MGKRH05"}}
{"t":{"$date":"2020-10-15T14:31:14.296-05:00"},"s":"I",  "c":"CONTROL",  "id":23398,   "ctx":"initandlisten","msg":"Target operating system minimum version","attr":{"targetMinOS":"Windows 7/Windows Server 2008 R2"}}
{"t":{"$date":"2020-10-15T14:31:14.296-05:00"},"s":"I",  "c":"CONTROL",  "id":23403,   "ctx":"initandlisten","msg":"Build Info","attr":{"buildInfo":{"version":"4.4.0","gitVersion":"563487e100c4215e2dce98d0af2a6a5a2d67c5cf","modules":[],"allocator":"tcmalloc","environment":{"distmod":"windows","distarch":"x86_64","target_arch":"x86_64"}}}}
{"t":{"$date":"2020-10-15T14:31:14.296-05:00"},"s":"I",  "c":"CONTROL",  "id":51765,   "ctx":"initandlisten","msg":"Operating System","attr":{"os":{"name":"Microsoft Windows 10","version":"10.0 (build 19041)"}}}
{"t":{"$date":"2020-10-15T14:31:14.296-05:00"},"s":"I",  "c":"CONTROL",  "id":21951,   "ctx":"initandlisten","msg":"Options set by command line","attr":{"options":{"config":"C:\\Users\\Taylor\\Desktop\\ActiveWindowListener\\mongo\\mongoServer.config","net":{"bindIp":"localhost","port":27017},"storage":{"dbPath":"C:\\Users\\Taylor\\Desktop\\ActiveWindowListener\\mongo\\db"},"systemLog":{"destination":"file","logAppend":true,"path":"C:\\Users\\Taylor\\Desktop\\ActiveWindowListener\\mongo\\mongo.server.log"}}}}
{"t":{"$date":"2020-10-15T14:31:14.303-05:00"},"s":"I",  "c":"STORAGE",  "id":22270,   "ctx":"initandlisten","msg":"Storage engine to use detected by data files","attr":{"dbpath":"C:/Users/Taylor/Desktop/ActiveWindowListener/mongo/db","storageEngine":"wiredTiger"}}
{"t":{"$date":"2020-10-15T14:31:14.303-05:00"},"s":"I",  "c":"STORAGE",  "id":22315,   "ctx":"initandlisten","msg":"Opening WiredTiger","attr":{"config":"create,cache_size=3583M,session_max=33000,eviction=(threads_min=4,threads_max=4),config_base=false,statistics=(fast),log=(enabled=true,archive=true,path=journal,compressor=snappy),file_manager=(close_idle_time=100000,close_scan_interval=10,close_handle_minimum=250),statistics_log=(wait=0),verbose=[recovery_progress,checkpoint_progress,compact_progress],"}}
{"t":{"$date":"2020-10-15T14:31:14.340-05:00"},"s":"I",  "c":"STORAGE",  "id":22430,   "ctx":"initandlisten","msg":"WiredTiger message","attr":{"message":"[1602790274:339743][2188:140723754390864], txn-recover: [WT_VERB_RECOVERY_PROGRESS] Recovering log 9 through 10"}}
{"t":{"$date":"2020-10-15T14:31:14.385-05:00"},"s":"I",  "c":"STORAGE",  "id":22430,   "ctx":"initandlisten","msg":"WiredTiger message","attr":{"message":"[1602790274:384983][2188:140723754390864], txn-recover: [WT_VERB_RECOVERY_PROGRESS] Recovering log 10 through 10"}}
{"t":{"$date":"2020-10-15T14:31:14.431-05:00"},"s":"I",  "c":"STORAGE",  "id":22430,   "ctx":"initandlisten","msg":"WiredTiger message","attr":{"message":"[1602790274:430780][2188:140723754390864], txn-recover: [WT_VERB_RECOVERY | WT_VERB_RECOVERY_PROGRESS] Main recovery loop: starting at 9/58496 to 10/256"}}
{"t":{"$date":"2020-10-15T14:31:14.517-05:00"},"s":"I",  "c":"STORAGE",  "id":22430,   "ctx":"initandlisten","msg":"WiredTiger message","attr":{"message":"[1602790274:516748][2188:140723754390864], txn-recover: [WT_VERB_RECOVERY_PROGRESS] Recovering log 9 through 10"}}
{"t":{"$date":"2020-10-15T14:31:14.570-05:00"},"s":"I",  "c":"STORAGE",  "id":22430,   "ctx":"initandlisten","msg":"WiredTiger message","attr":{"message":"[1602790274:570727][2188:140723754390864], txn-recover: [WT_VERB_RECOVERY_PROGRESS] Recovering log 10 through 10"}}
{"t":{"$date":"2020-10-15T14:31:14.613-05:00"},"s":"I",  "c":"STORAGE",  "id":22430,   "ctx":"initandlisten","msg":"WiredTiger message","attr":{"message":"[1602790274:613798][2188:140723754390864], txn-recover: [WT_VERB_RECOVERY | WT_VERB_RECOVERY_PROGRESS] Set global recovery timestamp: (0, 0)"}}
{"t":{"$date":"2020-10-15T14:31:14.622-05:00"},"s":"I",  "c":"STORAGE",  "id":4795906, "ctx":"initandlisten","msg":"WiredTiger opened","attr":{"durationMillis":319}}
{"t":{"$date":"2020-10-15T14:31:14.622-05:00"},"s":"I",  "c":"RECOVERY", "id":23987,   "ctx":"initandlisten","msg":"WiredTiger recoveryTimestamp","attr":{"recoveryTimestamp":{"$timestamp":{"t":0,"i":0}}}}
{"t":{"$date":"2020-10-15T14:31:14.634-05:00"},"s":"I",  "c":"STORAGE",  "id":22262,   "ctx":"initandlisten","msg":"Timestamp monitor starting"}
{"t":{"$date":"2020-10-15T14:31:14.635-05:00"},"s":"W",  "c":"CONTROL",  "id":22120,   "ctx":"initandlisten","msg":"Access control is not enabled for the database. Read and write access to data and configuration is unrestricted","tags":["startupWarnings"]}
{"t":{"$date":"2020-10-15T14:31:14.657-05:00"},"s":"I",  "c":"STORAGE",  "id":20536,   "ctx":"initandlisten","msg":"Flow Control is enabled on this deployment"}
{"t":{"$date":"2020-10-15T14:31:14.782-05:00"},"s":"I",  "c":"FTDC",     "id":20625,   "ctx":"initandlisten","msg":"Initializing full-time diagnostic data capture","attr":{"dataDirectory":"C:/Users/Taylor/Desktop/ActiveWindowListener/mongo/db/diagnostic.data"}}
{"t":{"$date":"2020-10-15T14:31:14.784-05:00"},"s":"I",  "c":"NETWORK",  "id":23015,   "ctx":"listener","msg":"Listening on","attr":{"address":"127.0.0.1"}}
{"t":{"$date":"2020-10-15T14:31:14.784-05:00"},"s":"I",  "c":"NETWORK",  "id":23016,   "ctx":"listener","msg":"Waiting for connections","attr":{"port":27017,"ssl":"off"}}
{"t":{"$date":"2020-10-15T15:54:43.583-05:00"},"s":"I",  "c":"CONTROL",  "id":23373,   "ctx":"thread1","msg":"CTRL_CLOSE_EVENT signal"}
{"t":{"$date":"2020-10-15T15:54:43.583-05:00"},"s":"I",  "c":"CONTROL",  "id":23371,   "ctx":"consoleTerminate","msg":"Received event, will terminate after current command ends","attr":{"controlCode":"CTRL_CLOSE_EVENT"}}
{"t":{"$date":"2020-10-15T15:54:43.591-05:00"},"s":"I",  "c":"NETWORK",  "id":20562,   "ctx":"consoleTerminate","msg":"Shutdown: going to close listening sockets"}
{"t":{"$date":"2020-10-15T15:54:43.591-05:00"},"s":"I",  "c":"-",        "id":20520,   "ctx":"consoleTerminate","msg":"Stopping further Flow Control ticket acquisitions."}
{"t":{"$date":"2020-10-15T15:54:43.591-05:00"},"s":"I",  "c":"-",        "id":4695300, "ctx":"consoleTerminate","msg":"Interrupted all currently running operations","attr":{"opsKilled":3}}
{"t":{"$date":"2020-10-15T15:54:43.592-05:00"},"s":"I",  "c":"CONTROL",  "id":20609,   "ctx":"consoleTerminate","msg":"Shutting down free monitoring"}
{"t":{"$date":"2020-10-15T15:54:43.592-05:00"},"s":"I",  "c":"FTDC",     "id":20626,   "ctx":"consoleTerminate","msg":"Shutting down full-time diagnostic data capture"}
{"t":{"$date":"2020-10-15T15:54:43.602-05:00"},"s":"I",  "c":"STORAGE",  "id":20282,   "ctx":"consoleTerminate","msg":"Deregistering all the collections"}
{"t":{"$date":"2020-10-15T15:54:43.602-05:00"},"s":"I",  "c":"STORAGE",  "id":22261,   "ctx":"consoleTerminate","msg":"Timestamp monitor shutting down"}
{"t":{"$date":"2020-10-15T15:54:43.602-05:00"},"s":"I",  "c":"STORAGE",  "id":22317,   "ctx":"consoleTerminate","msg":"WiredTigerKVEngine shutting down"}
{"t":{"$date":"2020-10-15T15:54:43.602-05:00"},"s":"I",  "c":"STORAGE",  "id":22318,   "ctx":"consoleTerminate","msg":"Shutting down session sweeper thread"}
{"t":{"$date":"2020-10-15T15:54:43.602-05:00"},"s":"I",  "c":"STORAGE",  "id":22319,   "ctx":"consoleTerminate","msg":"Finished shutting down session sweeper thread"}
{"t":{"$date":"2020-10-15T15:54:43.602-05:00"},"s":"I",  "c":"STORAGE",  "id":22320,   "ctx":"consoleTerminate","msg":"Shutting down journal flusher thread"}
{"t":{"$date":"2020-10-15T15:54:43.603-05:00"},"s":"I",  "c":"STORAGE",  "id":22321,   "ctx":"consoleTerminate","msg":"Finished shutting down journal flusher thread"}
{"t":{"$date":"2020-10-15T15:54:43.603-05:00"},"s":"I",  "c":"STORAGE",  "id":22322,   "ctx":"consoleTerminate","msg":"Shutting down checkpoint thread"}
{"t":{"$date":"2020-10-15T15:54:43.603-05:00"},"s":"I",  "c":"STORAGE",  "id":22323,   "ctx":"consoleTerminate","msg":"Finished shutting down checkpoint thread"}
{"t":{"$date":"2020-10-15T15:54:43.603-05:00"},"s":"I",  "c":"STORAGE",  "id":4795902, "ctx":"consoleTerminate","msg":"Closing WiredTiger","attr":{"closeConfig":"leak_memory=true,"}}
{"t":{"$date":"2020-10-15T15:54:43.679-05:00"},"s":"I",  "c":"STORAGE",  "id":4795901, "ctx":"consoleTerminate","msg":"WiredTiger closed","attr":{"durationMillis":76}}
{"t":{"$date":"2020-10-15T15:54:43.679-05:00"},"s":"I",  "c":"STORAGE",  "id":22281,   "ctx":"consoleTerminate","msg":"shutdown: removing fs lock..."}
{"t":{"$date":"2020-10-15T15:54:43.679-05:00"},"s":"I",  "c":"CONTROL",  "id":20565,   "ctx":"consoleTerminate","msg":"Now exiting"}
{"t":{"$date":"2020-10-15T15:54:43.679-05:00"},"s":"I",  "c":"CONTROL",  "id":23138,   "ctx":"consoleTerminate","msg":"Shutting down","attr":{"exitCode":12}}

{"t":{"$date":"2020-10-16T12:10:29.082-05:00"},"s":"W",  "c":"CONTROL",  "id":20698,   "ctx":"main","msg":"***** SERVER RESTARTED *****","tags":["startupWarnings"]}
{"t":{"$date":"2020-10-16T12:10:29.083-05:00"},"s":"I",  "c":"CONTROL",  "id":23285,   "ctx":"main","msg":"Automatically disabling TLS 1.0, to force-enable TLS 1.0 specify --sslDisabledProtocols 'none'"}
{"t":{"$date":"2020-10-16T12:10:29.373-05:00"},"s":"W",  "c":"ASIO",     "id":22601,   "ctx":"main","msg":"No TransportLayer configured during NetworkInterface startup"}
{"t":{"$date":"2020-10-16T12:10:29.373-05:00"},"s":"I",  "c":"NETWORK",  "id":4648602, "ctx":"main","msg":"Implicit TCP FastOpen in use."}
{"t":{"$date":"2020-10-16T12:10:29.375-05:00"},"s":"I",  "c":"STORAGE",  "id":4615611, "ctx":"initandlisten","msg":"MongoDB starting","attr":{"pid":7696,"port":27017,"dbPath":"C:/Users/Taylor/Desktop/ActiveWindowListener/mongo/db","architecture":"64-bit","host":"DESKTOP-MGKRH05"}}
{"t":{"$date":"2020-10-16T12:10:29.375-05:00"},"s":"I",  "c":"CONTROL",  "id":23398,   "ctx":"initandlisten","msg":"Target operating system minimum version","attr":{"targetMinOS":"Windows 7/Windows Server 2008 R2"}}
{"t":{"$date":"2020-10-16T12:10:29.375-05:00"},"s":"I",  "c":"CONTROL",  "id":23403,   "ctx":"initandlisten","msg":"Build Info","attr":{"buildInfo":{"version":"4.4.0","gitVersion":"563487e100c4215e2dce98d0af2a6a5a2d67c5cf","modules":[],"allocator":"tcmalloc","environment":{"distmod":"windows","distarch":"x86_64","target_arch":"x86_64"}}}}
{"t":{"$date":"2020-10-16T12:10:29.375-05:00"},"s":"I",  "c":"CONTROL",  "id":51765,   "ctx":"initandlisten","msg":"Operating System","attr":{"os":{"name":"Microsoft Windows 10","version":"10.0 (build 19041)"}}}
{"t":{"$date":"2020-10-16T12:10:29.375-05:00"},"s":"I",  "c":"CONTROL",  "id":21951,   "ctx":"initandlisten","msg":"Options set by command line","attr":{"options":{"config":"C:\\Users\\Taylor\\Desktop\\ActiveWindowListener\\mongo\\mongoServer.config","net":{"bindIp":"localhost","port":27017},"storage":{"dbPath":"C:\\Users\\Taylor\\Desktop\\ActiveWindowListener\\mongo\\db"},"systemLog":{"destination":"file","logAppend":true,"path":"C:\\Users\\Taylor\\Desktop\\ActiveWindowListener\\mongo\\mongo.server.log"}}}}
{"t":{"$date":"2020-10-16T12:10:29.381-05:00"},"s":"I",  "c":"STORAGE",  "id":22270,   "ctx":"initandlisten","msg":"Storage engine to use detected by data files","attr":{"dbpath":"C:/Users/Taylor/Desktop/ActiveWindowListener/mongo/db","storageEngine":"wiredTiger"}}
{"t":{"$date":"2020-10-16T12:10:29.381-05:00"},"s":"I",  "c":"STORAGE",  "id":22315,   "ctx":"initandlisten","msg":"Opening WiredTiger","attr":{"config":"create,cache_size=3583M,session_max=33000,eviction=(threads_min=4,threads_max=4),config_base=false,statistics=(fast),log=(enabled=true,archive=true,path=journal,compressor=snappy),file_manager=(close_idle_time=100000,close_scan_interval=10,close_handle_minimum=250),statistics_log=(wait=0),verbose=[recovery_progress,checkpoint_progress,compact_progress],"}}
{"t":{"$date":"2020-10-16T12:10:29.415-05:00"},"s":"I",  "c":"STORAGE",  "id":22430,   "ctx":"initandlisten","msg":"WiredTiger message","attr":{"message":"[1602868229:415080][7696:140726772061520], txn-recover: [WT_VERB_RECOVERY_PROGRESS] Recovering log 10 through 11"}}
{"t":{"$date":"2020-10-16T12:10:29.458-05:00"},"s":"I",  "c":"STORAGE",  "id":22430,   "ctx":"initandlisten","msg":"WiredTiger message","attr":{"message":"[1602868229:458219][7696:140726772061520], txn-recover: [WT_VERB_RECOVERY_PROGRESS] Recovering log 11 through 11"}}
{"t":{"$date":"2020-10-16T12:10:29.505-05:00"},"s":"I",  "c":"STORAGE",  "id":22430,   "ctx":"initandlisten","msg":"WiredTiger message","attr":{"message":"[1602868229:505267][7696:140726772061520], txn-recover: [WT_VERB_RECOVERY | WT_VERB_RECOVERY_PROGRESS] Main recovery loop: starting at 10/99968 to 11/256"}}
{"t":{"$date":"2020-10-16T12:10:29.579-05:00"},"s":"I",  "c":"STORAGE",  "id":22430,   "ctx":"initandlisten","msg":"WiredTiger message","attr":{"message":"[1602868229:579087][7696:140726772061520], txn-recover: [WT_VERB_RECOVERY_PROGRESS] Recovering log 10 through 11"}}
{"t":{"$date":"2020-10-16T12:10:29.626-05:00"},"s":"I",  "c":"STORAGE",  "id":22430,   "ctx":"initandlisten","msg":"WiredTiger message","attr":{"message":"[1602868229:626204][7696:140726772061520], txn-recover: [WT_VERB_RECOVERY_PROGRESS] Recovering log 11 through 11"}}
{"t":{"$date":"2020-10-16T12:10:29.664-05:00"},"s":"I",  "c":"STORAGE",  "id":22430,   "ctx":"initandlisten","msg":"WiredTiger message","attr":{"message":"[1602868229:664103][7696:140726772061520], txn-recover: [WT_VERB_RECOVERY | WT_VERB_RECOVERY_PROGRESS] Set global recovery timestamp: (0, 0)"}}
{"t":{"$date":"2020-10-16T12:10:29.673-05:00"},"s":"I",  "c":"STORAGE",  "id":4795906, "ctx":"initandlisten","msg":"WiredTiger opened","attr":{"durationMillis":292}}
{"t":{"$date":"2020-10-16T12:10:29.673-05:00"},"s":"I",  "c":"RECOVERY", "id":23987,   "ctx":"initandlisten","msg":"WiredTiger recoveryTimestamp","attr":{"recoveryTimestamp":{"$timestamp":{"t":0,"i":0}}}}
{"t":{"$date":"2020-10-16T12:10:29.687-05:00"},"s":"I",  "c":"STORAGE",  "id":22262,   "ctx":"initandlisten","msg":"Timestamp monitor starting"}
{"t":{"$date":"2020-10-16T12:10:29.688-05:00"},"s":"W",  "c":"CONTROL",  "id":22120,   "ctx":"initandlisten","msg":"Access control is not enabled for the database. Read and write access to data and configuration is unrestricted","tags":["startupWarnings"]}
{"t":{"$date":"2020-10-16T12:10:29.711-05:00"},"s":"I",  "c":"STORAGE",  "id":20536,   "ctx":"initandlisten","msg":"Flow Control is enabled on this deployment"}
{"t":{"$date":"2020-10-16T12:10:29.846-05:00"},"s":"I",  "c":"FTDC",     "id":20625,   "ctx":"initandlisten","msg":"Initializing full-time diagnostic data capture","attr":{"dataDirectory":"C:/Users/Taylor/Desktop/ActiveWindowListener/mongo/db/diagnostic.data"}}
{"t":{"$date":"2020-10-16T12:10:29.848-05:00"},"s":"I",  "c":"NETWORK",  "id":23015,   "ctx":"listener","msg":"Listening on","attr":{"address":"127.0.0.1"}}
{"t":{"$date":"2020-10-16T12:10:29.848-05:00"},"s":"I",  "c":"NETWORK",  "id":23016,   "ctx":"listener","msg":"Waiting for connections","attr":{"port":27017,"ssl":"off"}}
